Removed world/DIM-1/data/raids.dat: not used
Removed world/entities/r.-2.-2.mca: 0 size
Removed world/entities/r.-3.-2.mca: 0 size
Removed world/entities/r.-3.0.mca: 0 size
Removed world/entities/r.12.-1.mca: 0 size
Removed world/entities/r.12.0.mca: 0 size
Removed world/entities/r.13.-1.mca: 0 size
Removed world/entities/r.14.-1.mca: 0 size
Removed world/entities/r.14.0.mca: 0 size
Removed world/entities/r.16.-1.mca: 0 size
Removed world/entities/r.16.0.mca: 0 size
Removed world/entities/r.26.26.mca: 0 size
Removed world/entities/r.26.27.mca: 0 size
Removed world/entities/r.26.28.mca: 0 size
Removed world/entities/r.27.26.mca: 0 size
Removed world/entities/r.27.28.mca: 0 size
Removed world/entities/r.28.-1.mca: 0 size
Removed world/entities/r.28.0.mca: 0 size
Removed world/entities/r.28.26.mca: 0 size
Removed world/entities/r.28.27.mca: 0 size
Removed world/entities/r.28.28.mca: 0 size
Removed world/entities/r.29.-1.mca: 0 size
Removed world/entities/r.30.-1.mca: 0 size
Removed world/entities/r.30.0.mca: 0 size
Removed world/entities/r.34.-1.mca: 0 size
Removed world/entities/r.34.0.mca: 0 size
Removed world/entities/r.4.-1.mca: 0 size
Removed world/entities/r.4.0.mca: 0 size
Removed world/entities/r.46.0.mca: 0 size
Removed world/entities/r.47.-1.mca: 0 size
Removed world/entities/r.47.0.mca: 0 size
Removed world/entities/r.5.-1.mca: 0 size
Removed world/entities/r.5.0.mca: 0 size
Removed world/entities/r.58.-1.mca: 0 size
Removed world/entities/r.59.-1.mca: 0 size
Removed world/entities/r.59.0.mca: 0 size
Removed world/entities/r.6.-1.mca: 0 size
Removed world/entities/r.6.0.mca: 0 size
Removed world/entities/r.73.-1.mca: 0 size
Removed world/entities/r.73.0.mca: 0 size
Removed world/entities/r.74.0.mca: 0 size
Removed world/entities/r.75.-1.mca: 0 size
Removed world/entities/r.75.0.mca: 0 size
Removed world/entities/r.8.-1.mca: 0 size
Removed world/entities/r.8.0.mca: 0 size
Removed world/playerdata/61c32a8b-232a-4902-a0a8-78016d4dfec8.dat_old: not used
Removed world/playerdata/84261282-d1cb-40b2-aa85-3ddc48cb4076.dat_old: not used
Removed world/poi/r.-1.0.mca: 0 size
Removed world/poi/r.0.-1.mca: 0 size
Removed world/poi/r.0.0.mca: 0 size
Removed world/poi/r.10.-1.mca: 0 size
Removed world/poi/r.10.0.mca: 0 size
Removed world/poi/r.13.-1.mca: 0 size
Removed world/poi/r.15.-1.mca: 0 size
Removed world/poi/r.27.27.mca: 0 size
Removed world/poi/r.29.0.mca: 0 size
Removed world/poi/r.4.-1.mca: 0 size
Removed world/poi/r.4.0.mca: 0 size
Removed world/poi/r.46.0.mca: 0 size
Removed world/poi/r.6.-1.mca: 0 size
Removed world/poi/r.6.0.mca: 0 size
Removed world/poi/r.74.-1.mca: 0 size
Removed world/poi/r.74.0.mca: 0 size
Removed world/poi/r.9.-1.mca: 0 size
Removed world/poi/r.9.0.mca: 0 size
Validated 4365 files, 4300 accepted, 65 rejected.
